{"C:\\Users\\hp\\Documents\\delight-ui\\pages\\stores\\index.tsx": {"path":"C:\\Users\\hp\\Documents\\delight-ui\\pages\\stores\\index.tsx","statementMap":{"0":{"start":{"line":14,"column":2},"end":{"line":14,"column":27}},"1":{"start":{"line":18,"column":39},"end":{"line":18,"column":49}},"2":{"start":{"line":19,"column":2},"end":{"line":29,"column":4}},"3":{"start":{"line":33,"column":24},"end":{"line":38,"column":1}},"4":{"start":{"line":34,"column":2},"end":{"line":37,"column":3}},"5":{"start":{"line":40,"column":27},"end":{"line":45,"column":1}},"6":{"start":{"line":41,"column":1},"end":{"line":44,"column":2}}},"fnMap":{"0":{"name":"(anonymous_0)","decl":{"start":{"line":13,"column":1},"end":{"line":13,"column":2}},"loc":{"start":{"line":13,"column":21},"end":{"line":15,"column":2}},"line":13},"1":{"name":"(anonymous_1)","decl":{"start":{"line":17,"column":1},"end":{"line":17,"column":2}},"loc":{"start":{"line":17,"column":30},"end":{"line":30,"column":2}},"line":17},"2":{"name":"(anonymous_2)","decl":{"start":{"line":33,"column":24},"end":{"line":33,"column":25}},"loc":{"start":{"line":33,"column":43},"end":{"line":38,"column":1}},"line":33},"3":{"name":"(anonymous_3)","decl":{"start":{"line":40,"column":27},"end":{"line":40,"column":28}},"loc":{"start":{"line":41,"column":1},"end":{"line":44,"column":2}},"line":41}},"branchMap":{},"s":{"0":1,"1":4,"2":4,"3":1,"4":4,"5":1,"6":1},"f":{"0":1,"1":4,"2":4,"3":1},"b":{},"_coverageSchema":"43e27e138ebf9cfc5966b082cf9a028302ed4184","hash":"9786b7c4ec3a74e4463b2b112c73945e325d3640"}
,"C:\\Users\\hp\\Documents\\delight-ui\\src\\Components\\AppBase.tsx": {"path":"C:\\Users\\hp\\Documents\\delight-ui\\src\\Components\\AppBase.tsx","statementMap":{"0":{"start":{"line":9,"column":30},"end":{"line":13,"column":1}},"1":{"start":{"line":15,"column":36},"end":{"line":39,"column":1}},"2":{"start":{"line":16,"column":23},"end":{"line":16,"column":28}},"3":{"start":{"line":18,"column":2},"end":{"line":38,"column":3}},"4":{"start":{"line":22,"column":8},"end":{"line":34,"column":25}},"5":{"start":{"line":26,"column":16},"end":{"line":29,"column":18}}},"fnMap":{"0":{"name":"(anonymous_0)","decl":{"start":{"line":15,"column":36},"end":{"line":15,"column":37}},"loc":{"start":{"line":15,"column":47},"end":{"line":39,"column":1}},"line":15},"1":{"name":"(anonymous_1)","decl":{"start":{"line":21,"column":7},"end":{"line":21,"column":8}},"loc":{"start":{"line":22,"column":8},"end":{"line":34,"column":25}},"line":22},"2":{"name":"(anonymous_2)","decl":{"start":{"line":25,"column":33},"end":{"line":25,"column":34}},"loc":{"start":{"line":25,"column":39},"end":{"line":30,"column":15}},"line":25}},"branchMap":{"0":{"loc":{"start":{"line":24,"column":26},"end":{"line":24,"column":51}},"type":"binary-expr","locations":[{"start":{"line":24,"column":26},"end":{"line":24,"column":42}},{"start":{"line":24,"column":46},"end":{"line":24,"column":51}}],"line":24}},"s":{"0":2,"1":2,"2":0,"3":0,"4":0,"5":0},"f":{"0":0,"1":0,"2":0},"b":{"0":[0,0]},"_coverageSchema":"43e27e138ebf9cfc5966b082cf9a028302ed4184","hash":"c7b4cd5b1bf07482cd2a4df30660d10ba4dc187f"}
,"C:\\Users\\hp\\Documents\\delight-ui\\src\\Components\\Badge.tsx": {"path":"C:\\Users\\hp\\Documents\\delight-ui\\src\\Components\\Badge.tsx","statementMap":{"0":{"start":{"line":13,"column":21},"end":{"line":17,"column":1}},"1":{"start":{"line":19,"column":42},"end":{"line":36,"column":1}},"2":{"start":{"line":20,"column":2},"end":{"line":35,"column":3}},"3":{"start":{"line":38,"column":0},"end":{"line":38,"column":34}}},"fnMap":{"0":{"name":"(anonymous_0)","decl":{"start":{"line":19,"column":42},"end":{"line":19,"column":43}},"loc":{"start":{"line":19,"column":81},"end":{"line":36,"column":1}},"line":19}},"branchMap":{"0":{"loc":{"start":{"line":32,"column":7},"end":{"line":32,"column":58}},"type":"binary-expr","locations":[{"start":{"line":32,"column":7},"end":{"line":32,"column":11}},{"start":{"line":32,"column":15},"end":{"line":32,"column":58}}],"line":32}},"s":{"0":2,"1":2,"2":4,"3":2},"f":{"0":4},"b":{"0":[4,4]},"_coverageSchema":"43e27e138ebf9cfc5966b082cf9a028302ed4184","hash":"4f1feb8b6ab7730d7968538e5bfa24ec01f4bafd"}
,"C:\\Users\\hp\\Documents\\delight-ui\\src\\Components\\Column.tsx": {"path":"C:\\Users\\hp\\Documents\\delight-ui\\src\\Components\\Column.tsx","statementMap":{"0":{"start":{"line":16,"column":44},"end":{"line":54,"column":1}},"1":{"start":{"line":25,"column":6},"end":{"line":25,"column":11}},"2":{"start":{"line":27,"column":14},"end":{"line":47,"column":3}},"3":{"start":{"line":49,"column":2},"end":{"line":53,"column":3}},"4":{"start":{"line":56,"column":0},"end":{"line":58,"column":1}}},"fnMap":{"0":{"name":"(anonymous_0)","decl":{"start":{"line":16,"column":44},"end":{"line":16,"column":45}},"loc":{"start":{"line":16,"column":55},"end":{"line":54,"column":1}},"line":16}},"branchMap":{"0":{"loc":{"start":{"line":33,"column":8},"end":{"line":33,"column":36}},"type":"binary-expr","locations":[{"start":{"line":33,"column":8},"end":{"line":33,"column":10}},{"start":{"line":33,"column":14},"end":{"line":33,"column":36}}],"line":33},"1":{"loc":{"start":{"line":37,"column":8},"end":{"line":37,"column":36}},"type":"binary-expr","locations":[{"start":{"line":37,"column":8},"end":{"line":37,"column":10}},{"start":{"line":37,"column":14},"end":{"line":37,"column":36}}],"line":37},"2":{"loc":{"start":{"line":41,"column":8},"end":{"line":41,"column":36}},"type":"binary-expr","locations":[{"start":{"line":41,"column":8},"end":{"line":41,"column":10}},{"start":{"line":41,"column":14},"end":{"line":41,"column":36}}],"line":41},"3":{"loc":{"start":{"line":45,"column":8},"end":{"line":45,"column":36}},"type":"binary-expr","locations":[{"start":{"line":45,"column":8},"end":{"line":45,"column":10}},{"start":{"line":45,"column":14},"end":{"line":45,"column":36}}],"line":45}},"s":{"0":2,"1":4,"2":4,"3":4,"4":2},"f":{"0":4},"b":{"0":[4,0],"1":[4,0],"2":[4,0],"3":[4,0]},"_coverageSchema":"43e27e138ebf9cfc5966b082cf9a028302ed4184","hash":"577a167f9675e32dab9d7804d17ad0dc739d8662"}
,"C:\\Users\\hp\\Documents\\delight-ui\\src\\Components\\DockerBar.tsx": {"path":"C:\\Users\\hp\\Documents\\delight-ui\\src\\Components\\DockerBar.tsx","statementMap":{"0":{"start":{"line":8,"column":21},"end":{"line":11,"column":1}},"1":{"start":{"line":13,"column":81},"end":{"line":33,"column":1}},"2":{"start":{"line":18,"column":20},"end":{"line":18,"column":81}},"3":{"start":{"line":20,"column":2},"end":{"line":32,"column":3}},"4":{"start":{"line":35,"column":53},"end":{"line":40,"column":1}},"5":{"start":{"line":42,"column":50},"end":{"line":61,"column":1}},"6":{"start":{"line":43,"column":35},"end":{"line":43,"column":40}},"7":{"start":{"line":44,"column":16},"end":{"line":44,"column":26}},"8":{"start":{"line":46,"column":2},"end":{"line":60,"column":3}},"9":{"start":{"line":63,"column":0},"end":{"line":63,"column":38}}},"fnMap":{"0":{"name":"(anonymous_0)","decl":{"start":{"line":13,"column":81},"end":{"line":13,"column":82}},"loc":{"start":{"line":17,"column":6},"end":{"line":33,"column":1}},"line":17},"1":{"name":"(anonymous_1)","decl":{"start":{"line":42,"column":50},"end":{"line":42,"column":51}},"loc":{"start":{"line":42,"column":56},"end":{"line":61,"column":1}},"line":42}},"branchMap":{"0":{"loc":{"start":{"line":18,"column":20},"end":{"line":18,"column":81}},"type":"cond-expr","locations":[{"start":{"line":18,"column":31},"end":{"line":18,"column":55}},{"start":{"line":18,"column":57},"end":{"line":18,"column":81}}],"line":18}},"s":{"0":2,"1":2,"2":0,"3":0,"4":2,"5":2,"6":0,"7":0,"8":0,"9":2},"f":{"0":0,"1":0},"b":{"0":[0,0]},"_coverageSchema":"43e27e138ebf9cfc5966b082cf9a028302ed4184","hash":"ba33ebb879268b6392cb80930b2f3c773cd0d54c"}
,"C:\\Users\\hp\\Documents\\delight-ui\\src\\Components\\GridContainer.tsx": {"path":"C:\\Users\\hp\\Documents\\delight-ui\\src\\Components\\GridContainer.tsx","statementMap":{"0":{"start":{"line":10,"column":58},"end":{"line":29,"column":1}},"1":{"start":{"line":15,"column":6},"end":{"line":15,"column":11}},"2":{"start":{"line":17,"column":31},"end":{"line":22,"column":3}},"3":{"start":{"line":24,"column":2},"end":{"line":28,"column":3}},"4":{"start":{"line":31,"column":0},"end":{"line":33,"column":1}}},"fnMap":{"0":{"name":"(anonymous_0)","decl":{"start":{"line":10,"column":58},"end":{"line":10,"column":59}},"loc":{"start":{"line":10,"column":69},"end":{"line":29,"column":1}},"line":10}},"branchMap":{},"s":{"0":2,"1":4,"2":4,"3":4,"4":2},"f":{"0":4},"b":{},"_coverageSchema":"43e27e138ebf9cfc5966b082cf9a028302ed4184","hash":"efd146886d66f7ca331a9e04933244265c35481e"}
,"C:\\Users\\hp\\Documents\\delight-ui\\src\\Components\\HamburgerIcon.tsx": {"path":"C:\\Users\\hp\\Documents\\delight-ui\\src\\Components\\HamburgerIcon.tsx","statementMap":{"0":{"start":{"line":19,"column":21},"end":{"line":28,"column":1}},"1":{"start":{"line":30,"column":26},"end":{"line":36,"column":1}},"2":{"start":{"line":31,"column":16},"end":{"line":31,"column":48}},"3":{"start":{"line":32,"column":2},"end":{"line":32,"column":23}},"4":{"start":{"line":33,"column":25},"end":{"line":33,"column":53}},"5":{"start":{"line":35,"column":2},"end":{"line":35,"column":64}},"6":{"start":{"line":38,"column":58},"end":{"line":102,"column":1}},"7":{"start":{"line":43,"column":6},"end":{"line":43,"column":11}},"8":{"start":{"line":44,"column":38},"end":{"line":44,"column":48}},"9":{"start":{"line":45,"column":38},"end":{"line":45,"column":48}},"10":{"start":{"line":47,"column":2},"end":{"line":47,"column":33}},"11":{"start":{"line":48,"column":2},"end":{"line":48,"column":47}},"12":{"start":{"line":50,"column":16},"end":{"line":50,"column":34}},"13":{"start":{"line":51,"column":13},"end":{"line":51,"column":32}},"14":{"start":{"line":52,"column":17},"end":{"line":52,"column":62}},"15":{"start":{"line":53,"column":22},"end":{"line":53,"column":45}},"16":{"start":{"line":55,"column":17},"end":{"line":93,"column":3}},"17":{"start":{"line":95,"column":2},"end":{"line":101,"column":4}},"18":{"start":{"line":104,"column":0},"end":{"line":104,"column":42}}},"fnMap":{"0":{"name":"(anonymous_0)","decl":{"start":{"line":30,"column":26},"end":{"line":30,"column":27}},"loc":{"start":{"line":30,"column":86},"end":{"line":36,"column":1}},"line":30},"1":{"name":"(anonymous_1)","decl":{"start":{"line":38,"column":58},"end":{"line":38,"column":59}},"loc":{"start":{"line":38,"column":67},"end":{"line":102,"column":1}},"line":38}},"branchMap":{"0":{"loc":{"start":{"line":31,"column":16},"end":{"line":31,"column":48}},"type":"cond-expr","locations":[{"start":{"line":31,"column":25},"end":{"line":31,"column":35}},{"start":{"line":31,"column":38},"end":{"line":31,"column":48}}],"line":31},"1":{"loc":{"start":{"line":32,"column":11},"end":{"line":32,"column":22}},"type":"binary-expr","locations":[{"start":{"line":32,"column":11},"end":{"line":32,"column":17}},{"start":{"line":32,"column":21},"end":{"line":32,"column":22}}],"line":32},"2":{"loc":{"start":{"line":33,"column":25},"end":{"line":33,"column":53}},"type":"cond-expr","locations":[{"start":{"line":33,"column":34},"end":{"line":33,"column":48}},{"start":{"line":33,"column":50},"end":{"line":33,"column":53}}],"line":33},"3":{"loc":{"start":{"line":47,"column":16},"end":{"line":47,"column":32}},"type":"binary-expr","locations":[{"start":{"line":47,"column":16},"end":{"line":47,"column":27}},{"start":{"line":47,"column":31},"end":{"line":47,"column":32}}],"line":47},"4":{"loc":{"start":{"line":48,"column":22},"end":{"line":48,"column":46}},"type":"binary-expr","locations":[{"start":{"line":48,"column":22},"end":{"line":48,"column":39}},{"start":{"line":48,"column":43},"end":{"line":48,"column":46}}],"line":48},"5":{"loc":{"start":{"line":83,"column":15},"end":{"line":83,"column":29}},"type":"cond-expr","locations":[{"start":{"line":83,"column":24},"end":{"line":83,"column":25}},{"start":{"line":83,"column":28},"end":{"line":83,"column":29}}],"line":83},"6":{"loc":{"start":{"line":84,"column":17},"end":{"line":84,"column":63}},"type":"cond-expr","locations":[{"start":{"line":84,"column":26},"end":{"line":84,"column":45}},{"start":{"line":84,"column":48},"end":{"line":84,"column":63}}],"line":84}},"s":{"0":2,"1":2,"2":0,"3":0,"4":0,"5":0,"6":2,"7":0,"8":0,"9":0,"10":0,"11":0,"12":0,"13":0,"14":0,"15":0,"16":0,"17":0,"18":2},"f":{"0":0,"1":0},"b":{"0":[0,0],"1":[0,0],"2":[0,0],"3":[0,0],"4":[0,0],"5":[0,0],"6":[0,0]},"_coverageSchema":"43e27e138ebf9cfc5966b082cf9a028302ed4184","hash":"37172b3c4b4d614ad7bccfb75ae8e86556b7c8ca"}
,"C:\\Users\\hp\\Documents\\delight-ui\\src\\Components\\Icon.tsx": {"path":"C:\\Users\\hp\\Documents\\delight-ui\\src\\Components\\Icon.tsx","statementMap":{"0":{"start":{"line":17,"column":21},"end":{"line":23,"column":1}},"1":{"start":{"line":25,"column":33},"end":{"line":48,"column":1}},"2":{"start":{"line":27,"column":15},"end":{"line":27,"column":62}},"3":{"start":{"line":29,"column":2},"end":{"line":35,"column":3}},"4":{"start":{"line":30,"column":4},"end":{"line":32,"column":5}},"5":{"start":{"line":34,"column":4},"end":{"line":34,"column":16}},"6":{"start":{"line":37,"column":2},"end":{"line":47,"column":4}},"7":{"start":{"line":50,"column":20},"end":{"line":53,"column":1}},"8":{"start":{"line":55,"column":0},"end":{"line":55,"column":25}},"9":{"start":{"line":57,"column":0},"end":{"line":57,"column":33}}},"fnMap":{"0":{"name":"(anonymous_0)","decl":{"start":{"line":25,"column":33},"end":{"line":25,"column":34}},"loc":{"start":{"line":26,"column":35},"end":{"line":48,"column":1}},"line":26}},"branchMap":{"0":{"loc":{"start":{"line":27,"column":44},"end":{"line":27,"column":59}},"type":"binary-expr","locations":[{"start":{"line":27,"column":44},"end":{"line":27,"column":50}},{"start":{"line":27,"column":54},"end":{"line":27,"column":59}}],"line":27},"1":{"loc":{"start":{"line":29,"column":2},"end":{"line":35,"column":3}},"type":"if","locations":[{"start":{"line":29,"column":2},"end":{"line":35,"column":3}},{"start":{"line":29,"column":2},"end":{"line":35,"column":3}}],"line":29}},"s":{"0":2,"1":2,"2":5,"3":5,"4":0,"5":0,"6":5,"7":2,"8":2,"9":2},"f":{"0":5},"b":{"0":[5,5],"1":[0,5]},"_coverageSchema":"43e27e138ebf9cfc5966b082cf9a028302ed4184","hash":"5970173cede6a32a30108ecb893af7a775d9bef7"}
,"C:\\Users\\hp\\Documents\\delight-ui\\src\\Components\\Navbar.tsx": {"path":"C:\\Users\\hp\\Documents\\delight-ui\\src\\Components\\Navbar.tsx","statementMap":{"0":{"start":{"line":11,"column":21},"end":{"line":13,"column":1}},"1":{"start":{"line":15,"column":44},"end":{"line":40,"column":1}},"2":{"start":{"line":16,"column":44},"end":{"line":16,"column":49}},"3":{"start":{"line":18,"column":35},"end":{"line":18,"column":40}},"4":{"start":{"line":19,"column":16},"end":{"line":19,"column":26}},"5":{"start":{"line":20,"column":24},"end":{"line":20,"column":34}},"6":{"start":{"line":22,"column":2},"end":{"line":39,"column":3}},"7":{"start":{"line":42,"column":0},"end":{"line":42,"column":35}}},"fnMap":{"0":{"name":"(anonymous_0)","decl":{"start":{"line":15,"column":44},"end":{"line":15,"column":45}},"loc":{"start":{"line":15,"column":55},"end":{"line":40,"column":1}},"line":15}},"branchMap":{"0":{"loc":{"start":{"line":35,"column":18},"end":{"line":35,"column":37}},"type":"binary-expr","locations":[{"start":{"line":35,"column":18},"end":{"line":35,"column":28}},{"start":{"line":35,"column":32},"end":{"line":35,"column":37}}],"line":35}},"s":{"0":2,"1":2,"2":0,"3":0,"4":0,"5":0,"6":0,"7":2},"f":{"0":0},"b":{"0":[0,0]},"_coverageSchema":"43e27e138ebf9cfc5966b082cf9a028302ed4184","hash":"43438209bbc0d7bbd3ec02bdc8444e558db519ed"}
,"C:\\Users\\hp\\Documents\\delight-ui\\src\\Components\\RootComponent.tsx": {"path":"C:\\Users\\hp\\Documents\\delight-ui\\src\\Components\\RootComponent.tsx","statementMap":{"0":{"start":{"line":7,"column":38},"end":{"line":13,"column":1}},"1":{"start":{"line":8,"column":2},"end":{"line":12,"column":3}}},"fnMap":{"0":{"name":"(anonymous_0)","decl":{"start":{"line":7,"column":38},"end":{"line":7,"column":39}},"loc":{"start":{"line":7,"column":56},"end":{"line":13,"column":1}},"line":7}},"branchMap":{},"s":{"0":2,"1":0},"f":{"0":0},"b":{},"_coverageSchema":"43e27e138ebf9cfc5966b082cf9a028302ed4184","hash":"719e36d691b75b73aa8fae906a789c71e1e63406"}
,"C:\\Users\\hp\\Documents\\delight-ui\\src\\Components\\Row.tsx": {"path":"C:\\Users\\hp\\Documents\\delight-ui\\src\\Components\\Row.tsx","statementMap":{"0":{"start":{"line":10,"column":38},"end":{"line":28,"column":1}},"1":{"start":{"line":15,"column":6},"end":{"line":15,"column":11}},"2":{"start":{"line":17,"column":21},"end":{"line":21,"column":3}},"3":{"start":{"line":23,"column":2},"end":{"line":27,"column":3}},"4":{"start":{"line":30,"column":0},"end":{"line":32,"column":1}}},"fnMap":{"0":{"name":"(anonymous_0)","decl":{"start":{"line":10,"column":38},"end":{"line":10,"column":39}},"loc":{"start":{"line":10,"column":49},"end":{"line":28,"column":1}},"line":10}},"branchMap":{},"s":{"0":2,"1":4,"2":4,"3":4,"4":2},"f":{"0":4},"b":{},"_coverageSchema":"43e27e138ebf9cfc5966b082cf9a028302ed4184","hash":"7b7a636696ff35954d30e7367565dd92d7c08299"}
,"C:\\Users\\hp\\Documents\\delight-ui\\src\\Components\\Stencil.tsx": {"path":"C:\\Users\\hp\\Documents\\delight-ui\\src\\Components\\Stencil.tsx","statementMap":{"0":{"start":{"line":11,"column":46},"end":{"line":41,"column":1}},"1":{"start":{"line":16,"column":6},"end":{"line":16,"column":11}},"2":{"start":{"line":18,"column":25},"end":{"line":30,"column":3}},"3":{"start":{"line":32,"column":2},"end":{"line":40,"column":4}},"4":{"start":{"line":43,"column":0},"end":{"line":47,"column":1}}},"fnMap":{"0":{"name":"(anonymous_0)","decl":{"start":{"line":11,"column":46},"end":{"line":11,"column":47}},"loc":{"start":{"line":11,"column":57},"end":{"line":41,"column":1}},"line":11}},"branchMap":{},"s":{"0":2,"1":20,"2":20,"3":20,"4":2},"f":{"0":20},"b":{},"_coverageSchema":"43e27e138ebf9cfc5966b082cf9a028302ed4184","hash":"e1a7d46677cccfbcc9e603168c781b285c7b99ea"}
,"C:\\Users\\hp\\Documents\\delight-ui\\src\\Components\\VerificationMark.tsx": {"path":"C:\\Users\\hp\\Documents\\delight-ui\\src\\Components\\VerificationMark.tsx","statementMap":{"0":{"start":{"line":8,"column":64},"end":{"line":28,"column":1}},"1":{"start":{"line":9,"column":2},"end":{"line":27,"column":3}}},"fnMap":{"0":{"name":"(anonymous_0)","decl":{"start":{"line":8,"column":64},"end":{"line":8,"column":65}},"loc":{"start":{"line":8,"column":70},"end":{"line":28,"column":1}},"line":8}},"branchMap":{},"s":{"0":2,"1":1},"f":{"0":1},"b":{},"_coverageSchema":"43e27e138ebf9cfc5966b082cf9a028302ed4184","hash":"1baf6c7ca01f6e6a4fafb674d7728217a2f328f6"}
,"C:\\Users\\hp\\Documents\\delight-ui\\src\\Components\\index.ts": {"path":"C:\\Users\\hp\\Documents\\delight-ui\\src\\Components\\index.ts","statementMap":{},"fnMap":{},"branchMap":{},"s":{},"f":{},"b":{},"_coverageSchema":"43e27e138ebf9cfc5966b082cf9a028302ed4184","hash":"cc85c1cc39b879927b734c658ddff61447d5f151"}
,"C:\\Users\\hp\\Documents\\delight-ui\\src\\Components\\SearchBar\\SearchBar.tsx": {"path":"C:\\Users\\hp\\Documents\\delight-ui\\src\\Components\\SearchBar\\SearchBar.tsx","statementMap":{"0":{"start":{"line":16,"column":50},"end":{"line":27,"column":1}},"1":{"start":{"line":17,"column":2},"end":{"line":26,"column":3}}},"fnMap":{"0":{"name":"(anonymous_0)","decl":{"start":{"line":16,"column":50},"end":{"line":16,"column":51}},"loc":{"start":{"line":16,"column":61},"end":{"line":27,"column":1}},"line":16}},"branchMap":{},"s":{"0":2,"1":0},"f":{"0":0},"b":{},"_coverageSchema":"43e27e138ebf9cfc5966b082cf9a028302ed4184","hash":"fcd47734865543861105df3b47a1e68e00ee7702"}
,"C:\\Users\\hp\\Documents\\delight-ui\\src\\Components\\SearchBar\\SearchBarAtoms.tsx": {"path":"C:\\Users\\hp\\Documents\\delight-ui\\src\\Components\\SearchBar\\SearchBarAtoms.tsx","statementMap":{"0":{"start":{"line":5,"column":28},"end":{"line":5,"column":33}},"1":{"start":{"line":7,"column":31},"end":{"line":7,"column":41}},"2":{"start":{"line":8,"column":42},"end":{"line":8,"column":52}},"3":{"start":{"line":9,"column":33},"end":{"line":9,"column":57}},"4":{"start":{"line":10,"column":35},"end":{"line":10,"column":95}},"5":{"start":{"line":12,"column":30},"end":{"line":20,"column":1}},"6":{"start":{"line":22,"column":30},"end":{"line":37,"column":1}},"7":{"start":{"line":39,"column":32},"end":{"line":41,"column":1}}},"fnMap":{},"branchMap":{},"s":{"0":2,"1":2,"2":2,"3":2,"4":2,"5":2,"6":2,"7":2},"f":{},"b":{},"_coverageSchema":"43e27e138ebf9cfc5966b082cf9a028302ed4184","hash":"39f3d3c831ad89781839048549894773dd1e1683"}
,"C:\\Users\\hp\\Documents\\delight-ui\\src\\Components\\SearchBar\\index.ts": {"path":"C:\\Users\\hp\\Documents\\delight-ui\\src\\Components\\SearchBar\\index.ts","statementMap":{},"fnMap":{},"branchMap":{},"s":{},"f":{},"b":{},"_coverageSchema":"43e27e138ebf9cfc5966b082cf9a028302ed4184","hash":"3c649f14fba1624e1fc1ed20aa386aafd8f2c84c"}
,"C:\\Users\\hp\\Documents\\delight-ui\\src\\Components\\StoresFeed\\StoresFeed.tsx": {"path":"C:\\Users\\hp\\Documents\\delight-ui\\src\\Components\\StoresFeed\\StoresFeed.tsx","statementMap":{"0":{"start":{"line":21,"column":21},"end":{"line":24,"column":1}},"1":{"start":{"line":26,"column":52},"end":{"line":78,"column":1}},"2":{"start":{"line":27,"column":2},"end":{"line":77,"column":3}},"3":{"start":{"line":41,"column":18},"end":{"line":43,"column":24}},"4":{"start":{"line":60,"column":16},"end":{"line":69,"column":22}},"5":{"start":{"line":80,"column":0},"end":{"line":80,"column":39}}},"fnMap":{"0":{"name":"(anonymous_0)","decl":{"start":{"line":26,"column":52},"end":{"line":26,"column":53}},"loc":{"start":{"line":26,"column":86},"end":{"line":78,"column":1}},"line":26},"1":{"name":"(anonymous_1)","decl":{"start":{"line":40,"column":41},"end":{"line":40,"column":42}},"loc":{"start":{"line":41,"column":18},"end":{"line":43,"column":24}},"line":41},"2":{"name":"(anonymous_2)","decl":{"start":{"line":50,"column":26},"end":{"line":50,"column":27}},"loc":{"start":{"line":60,"column":16},"end":{"line":69,"column":22}},"line":60}},"branchMap":{"0":{"loc":{"start":{"line":38,"column":13},"end":{"line":45,"column":20}},"type":"binary-expr","locations":[{"start":{"line":38,"column":13},"end":{"line":38,"column":29}},{"start":{"line":39,"column":14},"end":{"line":45,"column":20}}],"line":38},"1":{"loc":{"start":{"line":48,"column":13},"end":{"line":72,"column":13}},"type":"binary-expr","locations":[{"start":{"line":48,"column":14},"end":{"line":48,"column":31}},{"start":{"line":48,"column":35},"end":{"line":48,"column":52}},{"start":{"line":49,"column":12},"end":{"line":71,"column":17}}],"line":48}},"s":{"0":2,"1":2,"2":4,"3":5,"4":2,"5":2},"f":{"0":4,"1":5,"2":2},"b":{"0":[4,1],"1":[4,1,1]},"_coverageSchema":"43e27e138ebf9cfc5966b082cf9a028302ed4184","hash":"749cb4be80b4d6c873c8abd64bd8cf194db0c96c"}
,"C:\\Users\\hp\\Documents\\delight-ui\\src\\Components\\StoresFeed\\StoresFeedItem.tsx": {"path":"C:\\Users\\hp\\Documents\\delight-ui\\src\\Components\\StoresFeed\\StoresFeedItem.tsx","statementMap":{"0":{"start":{"line":17,"column":23},"end":{"line":17,"column":28}},"1":{"start":{"line":18,"column":21},"end":{"line":18,"column":57}},"2":{"start":{"line":29,"column":60},"end":{"line":61,"column":1}},"3":{"start":{"line":37,"column":2},"end":{"line":60,"column":3}}},"fnMap":{"0":{"name":"(anonymous_0)","decl":{"start":{"line":29,"column":60},"end":{"line":29,"column":61}},"loc":{"start":{"line":36,"column":6},"end":{"line":61,"column":1}},"line":36}},"branchMap":{},"s":{"0":2,"1":2,"2":2,"3":4},"f":{"0":4},"b":{},"_coverageSchema":"43e27e138ebf9cfc5966b082cf9a028302ed4184","hash":"81425acd8055b3a3e41e21e6603447e80174b820"}
,"C:\\Users\\hp\\Documents\\delight-ui\\src\\Components\\StoresFeed\\StoresFeedItemAtoms.tsx": {"path":"C:\\Users\\hp\\Documents\\delight-ui\\src\\Components\\StoresFeed\\StoresFeedItemAtoms.tsx","statementMap":{"0":{"start":{"line":16,"column":20},"end":{"line":16,"column":25}},"1":{"start":{"line":23,"column":78},"end":{"line":49,"column":1}},"2":{"start":{"line":24,"column":54},"end":{"line":33,"column":3}},"3":{"start":{"line":35,"column":2},"end":{"line":42,"column":3}},"4":{"start":{"line":36,"column":4},"end":{"line":41,"column":5}},"5":{"start":{"line":44,"column":2},"end":{"line":48,"column":3}},"6":{"start":{"line":57,"column":82},"end":{"line":81,"column":1}},"7":{"start":{"line":62,"column":2},"end":{"line":80,"column":8}},"8":{"start":{"line":88,"column":72},"end":{"line":113,"column":1}},"9":{"start":{"line":92,"column":2},"end":{"line":112,"column":9}},"10":{"start":{"line":115,"column":47},"end":{"line":139,"column":1}},"11":{"start":{"line":116,"column":2},"end":{"line":138,"column":8}}},"fnMap":{"0":{"name":"(anonymous_0)","decl":{"start":{"line":23,"column":78},"end":{"line":23,"column":79}},"loc":{"start":{"line":23,"column":98},"end":{"line":49,"column":1}},"line":23},"1":{"name":"(anonymous_1)","decl":{"start":{"line":57,"column":82},"end":{"line":57,"column":83}},"loc":{"start":{"line":62,"column":2},"end":{"line":80,"column":8}},"line":62},"2":{"name":"(anonymous_2)","decl":{"start":{"line":88,"column":72},"end":{"line":88,"column":73}},"loc":{"start":{"line":92,"column":2},"end":{"line":112,"column":9}},"line":92},"3":{"name":"(anonymous_3)","decl":{"start":{"line":115,"column":47},"end":{"line":115,"column":48}},"loc":{"start":{"line":116,"column":2},"end":{"line":138,"column":8}},"line":116}},"branchMap":{"0":{"loc":{"start":{"line":35,"column":2},"end":{"line":42,"column":3}},"type":"if","locations":[{"start":{"line":35,"column":2},"end":{"line":42,"column":3}},{"start":{"line":35,"column":2},"end":{"line":42,"column":3}}],"line":35},"1":{"loc":{"start":{"line":70,"column":8},"end":{"line":70,"column":47}},"type":"binary-expr","locations":[{"start":{"line":70,"column":8},"end":{"line":70,"column":23}},{"start":{"line":70,"column":27},"end":{"line":70,"column":47}}],"line":70}},"s":{"0":2,"1":2,"2":9,"3":9,"4":4,"5":9,"6":2,"7":4,"8":2,"9":4,"10":2,"11":5},"f":{"0":9,"1":4,"2":4,"3":5},"b":{"0":[4,5],"1":[4,1]},"_coverageSchema":"43e27e138ebf9cfc5966b082cf9a028302ed4184","hash":"d71a571dab196c34bedbd94d9867a29c0e846b9d"}
,"C:\\Users\\hp\\Documents\\delight-ui\\src\\Components\\StoresFeed\\index.tsx": {"path":"C:\\Users\\hp\\Documents\\delight-ui\\src\\Components\\StoresFeed\\index.tsx","statementMap":{},"fnMap":{},"branchMap":{},"s":{},"f":{},"b":{},"_coverageSchema":"43e27e138ebf9cfc5966b082cf9a028302ed4184","hash":"c32d67871a489d61f94ccb728e5282a1a1f9b82f"}
,"C:\\Users\\hp\\Documents\\delight-ui\\src\\Config\\index.ts": {"path":"C:\\Users\\hp\\Documents\\delight-ui\\src\\Config\\index.ts","statementMap":{},"fnMap":{},"branchMap":{},"s":{},"f":{},"b":{},"_coverageSchema":"43e27e138ebf9cfc5966b082cf9a028302ed4184","hash":"61e3c89f7f045e2bc1f125ecb51a43bee5ef0946"}
,"C:\\Users\\hp\\Documents\\delight-ui\\src\\Config\\theme.ts": {"path":"C:\\Users\\hp\\Documents\\delight-ui\\src\\Config\\theme.ts","statementMap":{"0":{"start":{"line":5,"column":18},"end":{"line":13,"column":1}},"1":{"start":{"line":15,"column":16},"end":{"line":23,"column":1}},"2":{"start":{"line":25,"column":13},"end":{"line":25,"column":90}},"3":{"start":{"line":26,"column":14},"end":{"line":26,"column":91}},"4":{"start":{"line":28,"column":18},"end":{"line":37,"column":1}},"5":{"start":{"line":39,"column":16},"end":{"line":46,"column":1}},"6":{"start":{"line":48,"column":15},"end":{"line":53,"column":1}},"7":{"start":{"line":55,"column":13},"end":{"line":60,"column":1}},"8":{"start":{"line":62,"column":16},"end":{"line":93,"column":1}},"9":{"start":{"line":95,"column":21},"end":{"line":117,"column":1}},"10":{"start":{"line":119,"column":25},"end":{"line":127,"column":1}},"11":{"start":{"line":129,"column":21},"end":{"line":147,"column":1}}},"fnMap":{},"branchMap":{},"s":{"0":2,"1":2,"2":2,"3":2,"4":2,"5":2,"6":2,"7":2,"8":2,"9":2,"10":2,"11":2},"f":{},"b":{},"_coverageSchema":"43e27e138ebf9cfc5966b082cf9a028302ed4184","hash":"f7c5f258aae25d900b482140a215f740eed1e1a8"}
,"C:\\Users\\hp\\Documents\\delight-ui\\src\\Constants\\ActionTypes.ts": {"path":"C:\\Users\\hp\\Documents\\delight-ui\\src\\Constants\\ActionTypes.ts","statementMap":{},"fnMap":{},"branchMap":{},"s":{},"f":{},"b":{},"_coverageSchema":"43e27e138ebf9cfc5966b082cf9a028302ed4184","hash":"344cdf86a1f4a6bf9e6abefcaf06dbc38076344a"}
,"C:\\Users\\hp\\Documents\\delight-ui\\src\\Constants\\ApiConstants.ts": {"path":"C:\\Users\\hp\\Documents\\delight-ui\\src\\Constants\\ApiConstants.ts","statementMap":{"0":{"start":{"line":1,"column":36},"end":{"line":1,"column":47}}},"fnMap":{},"branchMap":{},"s":{"0":1},"f":{},"b":{},"_coverageSchema":"43e27e138ebf9cfc5966b082cf9a028302ed4184","hash":"e82b40380e5b6dbaeec9d88b1dde07da8bcb3138"}
,"C:\\Users\\hp\\Documents\\delight-ui\\src\\Constants\\Contexts.ts": {"path":"C:\\Users\\hp\\Documents\\delight-ui\\src\\Constants\\Contexts.ts","statementMap":{"0":{"start":{"line":3,"column":19},"end":{"line":3,"column":47}}},"fnMap":{},"branchMap":{},"s":{"0":1},"f":{},"b":{},"_coverageSchema":"43e27e138ebf9cfc5966b082cf9a028302ed4184","hash":"2b1c13cc196ff2ce4329603e839e49bf097c4d80"}
,"C:\\Users\\hp\\Documents\\delight-ui\\src\\Constants\\index.ts": {"path":"C:\\Users\\hp\\Documents\\delight-ui\\src\\Constants\\index.ts","statementMap":{},"fnMap":{},"branchMap":{},"s":{},"f":{},"b":{},"_coverageSchema":"43e27e138ebf9cfc5966b082cf9a028302ed4184","hash":"2cc1dcc5f6d200dd4998526c849ff2d22de95aa9"}
,"C:\\Users\\hp\\Documents\\delight-ui\\src\\Containers\\ContextProvider.tsx": {"path":"C:\\Users\\hp\\Documents\\delight-ui\\src\\Containers\\ContextProvider.tsx","statementMap":{"0":{"start":{"line":22,"column":16},"end":{"line":22,"column":63}},"1":{"start":{"line":31,"column":39},"end":{"line":31,"column":54}},"2":{"start":{"line":33,"column":4},"end":{"line":33,"column":31}},"3":{"start":{"line":37,"column":40},"end":{"line":40,"column":5}},"4":{"start":{"line":42,"column":4},"end":{"line":44,"column":6}},"5":{"start":{"line":48,"column":24},"end":{"line":48,"column":40}}},"fnMap":{"0":{"name":"(anonymous_0)","decl":{"start":{"line":29,"column":19},"end":{"line":29,"column":20}},"loc":{"start":{"line":29,"column":55},"end":{"line":34,"column":3}},"line":29},"1":{"name":"(anonymous_1)","decl":{"start":{"line":36,"column":2},"end":{"line":36,"column":3}},"loc":{"start":{"line":36,"column":18},"end":{"line":45,"column":3}},"line":36}},"branchMap":{},"s":{"0":2,"1":0,"2":0,"3":0,"4":0,"5":2},"f":{"0":0,"1":0},"b":{},"_coverageSchema":"43e27e138ebf9cfc5966b082cf9a028302ed4184","hash":"4d90b4982e15db135714d51f7749e548170a0fe6"}
,"C:\\Users\\hp\\Documents\\delight-ui\\src\\Store\\api.ts": {"path":"C:\\Users\\hp\\Documents\\delight-ui\\src\\Store\\api.ts","statementMap":{"0":{"start":{"line":11,"column":2},"end":{"line":15,"column":3}},"1":{"start":{"line":12,"column":4},"end":{"line":12,"column":37}},"2":{"start":{"line":14,"column":4},"end":{"line":14,"column":36}},"3":{"start":{"line":27,"column":2},"end":{"line":27,"column":48}},"4":{"start":{"line":37,"column":2},"end":{"line":37,"column":25}}},"fnMap":{"0":{"name":"checkStatus","decl":{"start":{"line":10,"column":9},"end":{"line":10,"column":20}},"loc":{"start":{"line":10,"column":51},"end":{"line":16,"column":1}},"line":10},"1":{"name":"errorHandler","decl":{"start":{"line":26,"column":9},"end":{"line":26,"column":21}},"loc":{"start":{"line":26,"column":53},"end":{"line":28,"column":1}},"line":26},"2":{"name":"toJSON","decl":{"start":{"line":36,"column":9},"end":{"line":36,"column":15}},"loc":{"start":{"line":36,"column":47},"end":{"line":38,"column":1}},"line":36}},"branchMap":{"0":{"loc":{"start":{"line":11,"column":2},"end":{"line":15,"column":3}},"type":"if","locations":[{"start":{"line":11,"column":2},"end":{"line":15,"column":3}},{"start":{"line":11,"column":2},"end":{"line":15,"column":3}}],"line":11},"1":{"loc":{"start":{"line":11,"column":6},"end":{"line":11,"column":53}},"type":"binary-expr","locations":[{"start":{"line":11,"column":6},"end":{"line":11,"column":28}},{"start":{"line":11,"column":32},"end":{"line":11,"column":53}}],"line":11}},"s":{"0":1,"1":1,"2":0,"3":0,"4":1},"f":{"0":1,"1":0,"2":1},"b":{"0":[1,0],"1":[1,1]},"_coverageSchema":"43e27e138ebf9cfc5966b082cf9a028302ed4184","hash":"7312a99b69f450ac891c0e52ed0672a079d087ae"}
,"C:\\Users\\hp\\Documents\\delight-ui\\src\\Store\\index.ts": {"path":"C:\\Users\\hp\\Documents\\delight-ui\\src\\Store\\index.ts","statementMap":{"0":{"start":{"line":10,"column":2},"end":{"line":16,"column":7}}},"fnMap":{"0":{"name":"(anonymous_0)","decl":{"start":{"line":9,"column":15},"end":{"line":9,"column":16}},"loc":{"start":{"line":9,"column":21},"end":{"line":17,"column":1}},"line":9}},"branchMap":{},"s":{"0":1},"f":{"0":1},"b":{},"_coverageSchema":"43e27e138ebf9cfc5966b082cf9a028302ed4184","hash":"5957558e660a96b526cd9a2c8e11b3a6c95e5f15"}
,"C:\\Users\\hp\\Documents\\delight-ui\\src\\Store\\reducers.ts": {"path":"C:\\Users\\hp\\Documents\\delight-ui\\src\\Store\\reducers.ts","statementMap":{},"fnMap":{},"branchMap":{},"s":{},"f":{},"b":{},"_coverageSchema":"43e27e138ebf9cfc5966b082cf9a028302ed4184","hash":"2373970df204edc33422ed8c4b9246c19957943d"}
,"C:\\Users\\hp\\Documents\\delight-ui\\src\\Store\\schema.ts": {"path":"C:\\Users\\hp\\Documents\\delight-ui\\src\\Store\\schema.ts","statementMap":{"0":{"start":{"line":3,"column":27},"end":{"line":3,"column":54}}},"fnMap":{},"branchMap":{},"s":{"0":1},"f":{},"b":{},"_coverageSchema":"43e27e138ebf9cfc5966b082cf9a028302ed4184","hash":"78999e409835440a948086ed77bb0ffdbefaea26"}
,"C:\\Users\\hp\\Documents\\delight-ui\\src\\Store\\App\\selectors.ts": {"path":"C:\\Users\\hp\\Documents\\delight-ui\\src\\Store\\App\\selectors.ts","statementMap":{"0":{"start":{"line":4,"column":27},"end":{"line":4,"column":59}},"1":{"start":{"line":4,"column":45},"end":{"line":4,"column":59}}},"fnMap":{"0":{"name":"(anonymous_0)","decl":{"start":{"line":4,"column":27},"end":{"line":4,"column":28}},"loc":{"start":{"line":4,"column":45},"end":{"line":4,"column":59}},"line":4}},"branchMap":{},"s":{"0":1,"1":4},"f":{"0":4},"b":{},"_coverageSchema":"43e27e138ebf9cfc5966b082cf9a028302ed4184","hash":"996ff16cfed9e7a98c4460fd0203fa9308dc7719"}
,"C:\\Users\\hp\\Documents\\delight-ui\\src\\Store\\Entity\\actions.ts": {"path":"C:\\Users\\hp\\Documents\\delight-ui\\src\\Store\\Entity\\actions.ts","statementMap":{"0":{"start":{"line":8,"column":29},"end":{"line":17,"column":1}},"1":{"start":{"line":9,"column":25},"end":{"line":12,"column":2}},"2":{"start":{"line":14,"column":16},"end":{"line":16,"column":2}}},"fnMap":{"0":{"name":"(anonymous_0)","decl":{"start":{"line":9,"column":7},"end":{"line":9,"column":8}},"loc":{"start":{"line":9,"column":25},"end":{"line":12,"column":2}},"line":9},"1":{"name":"(anonymous_1)","decl":{"start":{"line":14,"column":9},"end":{"line":14,"column":10}},"loc":{"start":{"line":14,"column":16},"end":{"line":16,"column":2}},"line":14}},"branchMap":{},"s":{"0":1,"1":1,"2":0},"f":{"0":1,"1":0},"b":{},"_coverageSchema":"43e27e138ebf9cfc5966b082cf9a028302ed4184","hash":"dc6bb255d3decccf8e96e3b791500f964f381d95"}
,"C:\\Users\\hp\\Documents\\delight-ui\\src\\Store\\Entity\\reducer.ts": {"path":"C:\\Users\\hp\\Documents\\delight-ui\\src\\Store\\Entity\\reducer.ts","statementMap":{"0":{"start":{"line":10,"column":43},"end":{"line":12,"column":1}},"1":{"start":{"line":19,"column":29},"end":{"line":33,"column":1}},"2":{"start":{"line":20,"column":1},"end":{"line":32,"column":2}},"3":{"start":{"line":22,"column":3},"end":{"line":25,"column":5}},"4":{"start":{"line":28,"column":3},"end":{"line":28,"column":24}},"5":{"start":{"line":31,"column":3},"end":{"line":31,"column":16}}},"fnMap":{"0":{"name":"(anonymous_0)","decl":{"start":{"line":19,"column":29},"end":{"line":19,"column":30}},"loc":{"start":{"line":19,"column":86},"end":{"line":33,"column":1}},"line":19}},"branchMap":{"0":{"loc":{"start":{"line":19,"column":30},"end":{"line":19,"column":51}},"type":"default-arg","locations":[{"start":{"line":19,"column":38},"end":{"line":19,"column":51}}],"line":19},"1":{"loc":{"start":{"line":20,"column":1},"end":{"line":32,"column":2}},"type":"switch","locations":[{"start":{"line":21,"column":2},"end":{"line":25,"column":5}},{"start":{"line":27,"column":2},"end":{"line":28,"column":24}},{"start":{"line":30,"column":2},"end":{"line":31,"column":16}}],"line":20}},"s":{"0":1,"1":1,"2":6,"3":1,"4":0,"5":5},"f":{"0":6},"b":{"0":[3],"1":[1,0,5]},"_coverageSchema":"43e27e138ebf9cfc5966b082cf9a028302ed4184","hash":"8570202c1bed685b68728f451b2e7befd0986369"}
,"C:\\Users\\hp\\Documents\\delight-ui\\src\\Store\\Home\\reducer.ts": {"path":"C:\\Users\\hp\\Documents\\delight-ui\\src\\Store\\Home\\reducer.ts","statementMap":{"0":{"start":{"line":9,"column":45},"end":{"line":9,"column":48}},"1":{"start":{"line":16,"column":27},"end":{"line":30,"column":1}},"2":{"start":{"line":17,"column":1},"end":{"line":29,"column":2}},"3":{"start":{"line":19,"column":3},"end":{"line":22,"column":5}},"4":{"start":{"line":25,"column":3},"end":{"line":25,"column":24}},"5":{"start":{"line":28,"column":3},"end":{"line":28,"column":16}}},"fnMap":{"0":{"name":"(anonymous_0)","decl":{"start":{"line":16,"column":27},"end":{"line":16,"column":28}},"loc":{"start":{"line":16,"column":84},"end":{"line":30,"column":1}},"line":16}},"branchMap":{"0":{"loc":{"start":{"line":16,"column":28},"end":{"line":16,"column":49}},"type":"default-arg","locations":[{"start":{"line":16,"column":36},"end":{"line":16,"column":49}}],"line":16},"1":{"loc":{"start":{"line":17,"column":1},"end":{"line":29,"column":2}},"type":"switch","locations":[{"start":{"line":18,"column":2},"end":{"line":22,"column":5}},{"start":{"line":24,"column":2},"end":{"line":25,"column":24}},{"start":{"line":27,"column":2},"end":{"line":28,"column":16}}],"line":17}},"s":{"0":1,"1":1,"2":6,"3":0,"4":0,"5":6},"f":{"0":6},"b":{"0":[3],"1":[0,0,6]},"_coverageSchema":"43e27e138ebf9cfc5966b082cf9a028302ed4184","hash":"eba804d30db758fa9906e2e5d84e3384f30ebe22"}
,"C:\\Users\\hp\\Documents\\delight-ui\\src\\Store\\Store\\actions.ts": {"path":"C:\\Users\\hp\\Documents\\delight-ui\\src\\Store\\Store\\actions.ts","statementMap":{"0":{"start":{"line":15,"column":28},"end":{"line":53,"column":1}},"1":{"start":{"line":16,"column":25},"end":{"line":19,"column":2}},"2":{"start":{"line":21,"column":16},"end":{"line":23,"column":2}},"3":{"start":{"line":26,"column":2},"end":{"line":28,"column":4}},"4":{"start":{"line":32,"column":2},"end":{"line":51,"column":3}},"5":{"start":{"line":33,"column":3},"end":{"line":36,"column":5}},"6":{"start":{"line":38,"column":3},"end":{"line":50,"column":56}},"7":{"start":{"line":42,"column":26},"end":{"line":42,"column":60}},"8":{"start":{"line":44,"column":5},"end":{"line":47,"column":7}},"9":{"start":{"line":48,"column":5},"end":{"line":48,"column":49}},"10":{"start":{"line":50,"column":26},"end":{"line":50,"column":55}}},"fnMap":{"0":{"name":"(anonymous_0)","decl":{"start":{"line":16,"column":7},"end":{"line":16,"column":8}},"loc":{"start":{"line":16,"column":25},"end":{"line":19,"column":2}},"line":16},"1":{"name":"(anonymous_1)","decl":{"start":{"line":21,"column":9},"end":{"line":21,"column":10}},"loc":{"start":{"line":21,"column":16},"end":{"line":23,"column":2}},"line":21},"2":{"name":"(anonymous_2)","decl":{"start":{"line":25,"column":29},"end":{"line":25,"column":30}},"loc":{"start":{"line":25,"column":59},"end":{"line":29,"column":2}},"line":25},"3":{"name":"(anonymous_3)","decl":{"start":{"line":31,"column":14},"end":{"line":31,"column":15}},"loc":{"start":{"line":31,"column":20},"end":{"line":52,"column":2}},"line":31},"4":{"name":"(anonymous_4)","decl":{"start":{"line":32,"column":9},"end":{"line":32,"column":10}},"loc":{"start":{"line":32,"column":55},"end":{"line":51,"column":3}},"line":32},"5":{"name":"(anonymous_5)","decl":{"start":{"line":41,"column":14},"end":{"line":41,"column":15}},"loc":{"start":{"line":41,"column":53},"end":{"line":49,"column":5}},"line":41},"6":{"name":"(anonymous_6)","decl":{"start":{"line":50,"column":15},"end":{"line":50,"column":16}},"loc":{"start":{"line":50,"column":26},"end":{"line":50,"column":55}},"line":50}},"branchMap":{},"s":{"0":1,"1":2,"2":0,"3":2,"4":1,"5":1,"6":1,"7":1,"8":1,"9":1,"10":0},"f":{"0":2,"1":0,"2":2,"3":1,"4":1,"5":1,"6":0},"b":{},"_coverageSchema":"43e27e138ebf9cfc5966b082cf9a028302ed4184","hash":"f396e0231290abcaab32e718d913d085c07a6ed2"}
,"C:\\Users\\hp\\Documents\\delight-ui\\src\\Store\\Store\\endpoints.ts": {"path":"C:\\Users\\hp\\Documents\\delight-ui\\src\\Store\\Store\\endpoints.ts","statementMap":{"0":{"start":{"line":6,"column":20},"end":{"line":6,"column":82}},"1":{"start":{"line":6,"column":26},"end":{"line":6,"column":82}}},"fnMap":{"0":{"name":"(anonymous_0)","decl":{"start":{"line":6,"column":20},"end":{"line":6,"column":21}},"loc":{"start":{"line":6,"column":26},"end":{"line":6,"column":82}},"line":6}},"branchMap":{},"s":{"0":1,"1":2},"f":{"0":2},"b":{},"_coverageSchema":"43e27e138ebf9cfc5966b082cf9a028302ed4184","hash":"2e604b1026bed825d64d19fd7104befe87525e7e"}
,"C:\\Users\\hp\\Documents\\delight-ui\\src\\Store\\Store\\reducer.ts": {"path":"C:\\Users\\hp\\Documents\\delight-ui\\src\\Store\\Store\\reducer.ts","statementMap":{"0":{"start":{"line":9,"column":46},"end":{"line":11,"column":1}},"1":{"start":{"line":18,"column":28},"end":{"line":32,"column":1}},"2":{"start":{"line":19,"column":1},"end":{"line":31,"column":2}},"3":{"start":{"line":21,"column":3},"end":{"line":24,"column":5}},"4":{"start":{"line":27,"column":3},"end":{"line":27,"column":24}},"5":{"start":{"line":30,"column":3},"end":{"line":30,"column":16}}},"fnMap":{"0":{"name":"(anonymous_0)","decl":{"start":{"line":18,"column":28},"end":{"line":18,"column":29}},"loc":{"start":{"line":18,"column":85},"end":{"line":32,"column":1}},"line":18}},"branchMap":{"0":{"loc":{"start":{"line":18,"column":29},"end":{"line":18,"column":50}},"type":"default-arg","locations":[{"start":{"line":18,"column":37},"end":{"line":18,"column":50}}],"line":18},"1":{"loc":{"start":{"line":19,"column":1},"end":{"line":31,"column":2}},"type":"switch","locations":[{"start":{"line":20,"column":2},"end":{"line":24,"column":5}},{"start":{"line":26,"column":2},"end":{"line":27,"column":24}},{"start":{"line":29,"column":2},"end":{"line":30,"column":16}}],"line":19}},"s":{"0":1,"1":1,"2":6,"3":2,"4":0,"5":4},"f":{"0":6},"b":{"0":[3],"1":[2,0,4]},"_coverageSchema":"43e27e138ebf9cfc5966b082cf9a028302ed4184","hash":"602335247491b1e2fa76a39fbdba59911294069d"}
,"C:\\Users\\hp\\Documents\\delight-ui\\src\\Store\\Store\\selectors.ts": {"path":"C:\\Users\\hp\\Documents\\delight-ui\\src\\Store\\Store\\selectors.ts","statementMap":{"0":{"start":{"line":8,"column":25},"end":{"line":13,"column":1}},"1":{"start":{"line":8,"column":75},"end":{"line":12,"column":3}},"2":{"start":{"line":15,"column":35},"end":{"line":15,"column":89}},"3":{"start":{"line":15,"column":61},"end":{"line":15,"column":89}}},"fnMap":{"0":{"name":"(anonymous_0)","decl":{"start":{"line":8,"column":57},"end":{"line":8,"column":58}},"loc":{"start":{"line":8,"column":75},"end":{"line":12,"column":3}},"line":8},"1":{"name":"(anonymous_1)","decl":{"start":{"line":15,"column":35},"end":{"line":15,"column":36}},"loc":{"start":{"line":15,"column":61},"end":{"line":15,"column":89}},"line":15}},"branchMap":{},"s":{"0":1,"1":2,"2":1,"3":4},"f":{"0":2,"1":4},"b":{},"_coverageSchema":"43e27e138ebf9cfc5966b082cf9a028302ed4184","hash":"c1a398378b9f06b0bf3fcda4007da5e3e1fb569f"}
,"C:\\Users\\hp\\Documents\\delight-ui\\src\\Utilities\\ApiUtils.ts": {"path":"C:\\Users\\hp\\Documents\\delight-ui\\src\\Utilities\\ApiUtils.ts","statementMap":{"0":{"start":{"line":1,"column":32},"end":{"line":1,"column":43}},"1":{"start":{"line":18,"column":2},"end":{"line":18,"column":26}},"2":{"start":{"line":19,"column":2},"end":{"line":19,"column":27}},"3":{"start":{"line":21,"column":2},"end":{"line":28,"column":4}}},"fnMap":{"0":{"name":"callApi","decl":{"start":{"line":17,"column":16},"end":{"line":17,"column":23}},"loc":{"start":{"line":17,"column":69},"end":{"line":29,"column":1}},"line":17}},"branchMap":{"0":{"loc":{"start":{"line":18,"column":12},"end":{"line":18,"column":25}},"type":"binary-expr","locations":[{"start":{"line":18,"column":12},"end":{"line":18,"column":19}},{"start":{"line":18,"column":23},"end":{"line":18,"column":25}}],"line":18},"1":{"loc":{"start":{"line":19,"column":11},"end":{"line":19,"column":26}},"type":"binary-expr","locations":[{"start":{"line":19,"column":11},"end":{"line":19,"column":17}},{"start":{"line":19,"column":21},"end":{"line":19,"column":26}}],"line":19}},"s":{"0":2,"1":2,"2":2,"3":2},"f":{"0":2},"b":{"0":[2,2],"1":[2,2]},"_coverageSchema":"43e27e138ebf9cfc5966b082cf9a028302ed4184","hash":"1242a81c545231077a7db6971c3c3662ef223053"}
,"C:\\Users\\hp\\Documents\\delight-ui\\src\\Utilities\\DomUtils.ts": {"path":"C:\\Users\\hp\\Documents\\delight-ui\\src\\Utilities\\DomUtils.ts","statementMap":{"0":{"start":{"line":10,"column":23},"end":{"line":10,"column":46}},"1":{"start":{"line":12,"column":2},"end":{"line":12,"column":27}}},"fnMap":{"0":{"name":"computeColumnWidth","decl":{"start":{"line":9,"column":16},"end":{"line":9,"column":34}},"loc":{"start":{"line":9,"column":64},"end":{"line":13,"column":1}},"line":9}},"branchMap":{"0":{"loc":{"start":{"line":9,"column":49},"end":{"line":9,"column":62}},"type":"default-arg","locations":[{"start":{"line":9,"column":60},"end":{"line":9,"column":62}}],"line":9}},"s":{"0":0,"1":0},"f":{"0":0},"b":{"0":[0]},"_coverageSchema":"43e27e138ebf9cfc5966b082cf9a028302ed4184","hash":"2989c8b906f89af18abe0f17c1a32928fa9d4213"}
,"C:\\Users\\hp\\Documents\\delight-ui\\src\\Utilities\\PathUtils.ts": {"path":"C:\\Users\\hp\\Documents\\delight-ui\\src\\Utilities\\PathUtils.ts","statementMap":{"0":{"start":{"line":1,"column":14},"end":{"line":1,"column":50}},"1":{"start":{"line":13,"column":26},"end":{"line":32,"column":1}},"2":{"start":{"line":42,"column":28},"end":{"line":48,"column":1}},"3":{"start":{"line":43,"column":2},"end":{"line":45,"column":3}},"4":{"start":{"line":44,"column":4},"end":{"line":44,"column":44}},"5":{"start":{"line":47,"column":2},"end":{"line":47,"column":66}}},"fnMap":{"0":{"name":"(anonymous_0)","decl":{"start":{"line":42,"column":28},"end":{"line":42,"column":29}},"loc":{"start":{"line":42,"column":68},"end":{"line":48,"column":1}},"line":42}},"branchMap":{"0":{"loc":{"start":{"line":43,"column":2},"end":{"line":45,"column":3}},"type":"if","locations":[{"start":{"line":43,"column":2},"end":{"line":45,"column":3}},{"start":{"line":43,"column":2},"end":{"line":45,"column":3}}],"line":43},"1":{"loc":{"start":{"line":44,"column":11},"end":{"line":44,"column":44}},"type":"binary-expr","locations":[{"start":{"line":44,"column":11},"end":{"line":44,"column":22}},{"start":{"line":44,"column":26},"end":{"line":44,"column":44}}],"line":44},"2":{"loc":{"start":{"line":47,"column":9},"end":{"line":47,"column":66}},"type":"binary-expr","locations":[{"start":{"line":47,"column":9},"end":{"line":47,"column":27}},{"start":{"line":47,"column":31},"end":{"line":47,"column":42}},{"start":{"line":47,"column":46},"end":{"line":47,"column":66}}],"line":47}},"s":{"0":2,"1":2,"2":2,"3":5,"4":5,"5":0},"f":{"0":5},"b":{"0":[5,0],"1":[5,0],"2":[0,0,0]},"_coverageSchema":"43e27e138ebf9cfc5966b082cf9a028302ed4184","hash":"444775381ef3e2348e8fa94bbec47dc23739c7da"}
,"C:\\Users\\hp\\Documents\\delight-ui\\src\\Utilities\\StringUtils.ts": {"path":"C:\\Users\\hp\\Documents\\delight-ui\\src\\Utilities\\StringUtils.ts","statementMap":{"0":{"start":{"line":10,"column":2},"end":{"line":10,"column":30}}},"fnMap":{"0":{"name":"formatServiceHour","decl":{"start":{"line":9,"column":16},"end":{"line":9,"column":33}},"loc":{"start":{"line":9,"column":48},"end":{"line":11,"column":1}},"line":9}},"branchMap":{},"s":{"0":4},"f":{"0":4},"b":{},"_coverageSchema":"43e27e138ebf9cfc5966b082cf9a028302ed4184","hash":"1954170e5e3320b7d56df434065bc34bf0ac770a"}
,"C:\\Users\\hp\\Documents\\delight-ui\\src\\Utilities\\index.ts": {"path":"C:\\Users\\hp\\Documents\\delight-ui\\src\\Utilities\\index.ts","statementMap":{},"fnMap":{},"branchMap":{},"s":{},"f":{},"b":{},"_coverageSchema":"43e27e138ebf9cfc5966b082cf9a028302ed4184","hash":"240601120b343044cd4dd35891a5832078983fd1"}
}
