TN:
SF:C:\Users\hp\Documents\delight-ui\pages\stores\index.tsx
FN:13,(anonymous_0)
FN:17,(anonymous_1)
FN:33,(anonymous_2)
FN:40,(anonymous_3)
FNF:4
FNH:4
FNDA:1,(anonymous_0)
FNDA:4,(anonymous_1)
FNDA:4,(anonymous_2)
FNDA:1,(anonymous_3)
DA:14,1
DA:18,4
DA:19,4
DA:33,1
DA:34,4
DA:40,1
DA:41,1
LF:7
LH:7
BRF:0
BRH:0
end_of_record
TN:
SF:C:\Users\hp\Documents\delight-ui\src\Components\AppBase.tsx
FN:15,(anonymous_0)
FN:21,(anonymous_1)
FN:25,(anonymous_2)
FNF:3
FNH:0
FNDA:0,(anonymous_0)
FNDA:0,(anonymous_1)
FNDA:0,(anonymous_2)
DA:9,2
DA:15,2
DA:16,0
DA:18,0
DA:22,0
DA:26,0
LF:6
LH:2
BRDA:24,0,0,0
BRDA:24,0,1,0
BRF:2
BRH:0
end_of_record
TN:
SF:C:\Users\hp\Documents\delight-ui\src\Components\Badge.tsx
FN:19,(anonymous_0)
FNF:1
FNH:1
FNDA:4,(anonymous_0)
DA:13,2
DA:19,2
DA:20,4
DA:38,2
LF:4
LH:4
BRDA:32,0,0,4
BRDA:32,0,1,4
BRF:2
BRH:2
end_of_record
TN:
SF:C:\Users\hp\Documents\delight-ui\src\Components\Column.tsx
FN:16,(anonymous_0)
FNF:1
FNH:1
FNDA:4,(anonymous_0)
DA:16,2
DA:25,4
DA:27,4
DA:49,4
DA:56,2
LF:5
LH:5
BRDA:33,0,0,4
BRDA:33,0,1,0
BRDA:37,1,0,4
BRDA:37,1,1,0
BRDA:41,2,0,4
BRDA:41,2,1,0
BRDA:45,3,0,4
BRDA:45,3,1,0
BRF:8
BRH:4
end_of_record
TN:
SF:C:\Users\hp\Documents\delight-ui\src\Components\DockerBar.tsx
FN:13,(anonymous_0)
FN:42,(anonymous_1)
FNF:2
FNH:0
FNDA:0,(anonymous_0)
FNDA:0,(anonymous_1)
DA:8,2
DA:13,2
DA:18,0
DA:20,0
DA:35,2
DA:42,2
DA:43,0
DA:44,0
DA:46,0
DA:63,2
LF:10
LH:5
BRDA:18,0,0,0
BRDA:18,0,1,0
BRF:2
BRH:0
end_of_record
TN:
SF:C:\Users\hp\Documents\delight-ui\src\Components\GridContainer.tsx
FN:10,(anonymous_0)
FNF:1
FNH:1
FNDA:4,(anonymous_0)
DA:10,2
DA:15,4
DA:17,4
DA:24,4
DA:31,2
LF:5
LH:5
BRF:0
BRH:0
end_of_record
TN:
SF:C:\Users\hp\Documents\delight-ui\src\Components\HamburgerIcon.tsx
FN:30,(anonymous_0)
FN:38,(anonymous_1)
FNF:2
FNH:0
FNDA:0,(anonymous_0)
FNDA:0,(anonymous_1)
DA:19,2
DA:30,2
DA:31,0
DA:32,0
DA:33,0
DA:35,0
DA:38,2
DA:43,0
DA:44,0
DA:45,0
DA:47,0
DA:48,0
DA:50,0
DA:51,0
DA:52,0
DA:53,0
DA:55,0
DA:95,0
DA:104,2
LF:19
LH:4
BRDA:31,0,0,0
BRDA:31,0,1,0
BRDA:32,1,0,0
BRDA:32,1,1,0
BRDA:33,2,0,0
BRDA:33,2,1,0
BRDA:47,3,0,0
BRDA:47,3,1,0
BRDA:48,4,0,0
BRDA:48,4,1,0
BRDA:83,5,0,0
BRDA:83,5,1,0
BRDA:84,6,0,0
BRDA:84,6,1,0
BRF:14
BRH:0
end_of_record
TN:
SF:C:\Users\hp\Documents\delight-ui\src\Components\Icon.tsx
FN:25,(anonymous_0)
FNF:1
FNH:1
FNDA:5,(anonymous_0)
DA:17,2
DA:25,2
DA:27,5
DA:29,5
DA:30,0
DA:34,0
DA:37,5
DA:50,2
DA:55,2
DA:57,2
LF:10
LH:8
BRDA:27,0,0,5
BRDA:27,0,1,5
BRDA:29,1,0,0
BRDA:29,1,1,5
BRF:4
BRH:3
end_of_record
TN:
SF:C:\Users\hp\Documents\delight-ui\src\Components\Navbar.tsx
FN:15,(anonymous_0)
FNF:1
FNH:0
FNDA:0,(anonymous_0)
DA:11,2
DA:15,2
DA:16,0
DA:18,0
DA:19,0
DA:20,0
DA:22,0
DA:42,2
LF:8
LH:3
BRDA:35,0,0,0
BRDA:35,0,1,0
BRF:2
BRH:0
end_of_record
TN:
SF:C:\Users\hp\Documents\delight-ui\src\Components\RootComponent.tsx
FN:7,(anonymous_0)
FNF:1
FNH:0
FNDA:0,(anonymous_0)
DA:7,2
DA:8,0
LF:2
LH:1
BRF:0
BRH:0
end_of_record
TN:
SF:C:\Users\hp\Documents\delight-ui\src\Components\Row.tsx
FN:10,(anonymous_0)
FNF:1
FNH:1
FNDA:4,(anonymous_0)
DA:10,2
DA:15,4
DA:17,4
DA:23,4
DA:30,2
LF:5
LH:5
BRF:0
BRH:0
end_of_record
TN:
SF:C:\Users\hp\Documents\delight-ui\src\Components\Stencil.tsx
FN:11,(anonymous_0)
FNF:1
FNH:1
FNDA:20,(anonymous_0)
DA:11,2
DA:16,20
DA:18,20
DA:32,20
DA:43,2
LF:5
LH:5
BRF:0
BRH:0
end_of_record
TN:
SF:C:\Users\hp\Documents\delight-ui\src\Components\VerificationMark.tsx
FN:8,(anonymous_0)
FNF:1
FNH:1
FNDA:1,(anonymous_0)
DA:8,2
DA:9,1
LF:2
LH:2
BRF:0
BRH:0
end_of_record
TN:
SF:C:\Users\hp\Documents\delight-ui\src\Components\index.ts
FNF:0
FNH:0
LF:0
LH:0
BRF:0
BRH:0
end_of_record
TN:
SF:C:\Users\hp\Documents\delight-ui\src\Components\SearchBar\SearchBar.tsx
FN:16,(anonymous_0)
FNF:1
FNH:0
FNDA:0,(anonymous_0)
DA:16,2
DA:17,0
LF:2
LH:1
BRF:0
BRH:0
end_of_record
TN:
SF:C:\Users\hp\Documents\delight-ui\src\Components\SearchBar\SearchBarAtoms.tsx
FNF:0
FNH:0
DA:5,2
DA:7,2
DA:8,2
DA:9,2
DA:10,2
DA:12,2
DA:22,2
DA:39,2
LF:8
LH:8
BRF:0
BRH:0
end_of_record
TN:
SF:C:\Users\hp\Documents\delight-ui\src\Components\SearchBar\index.ts
FNF:0
FNH:0
LF:0
LH:0
BRF:0
BRH:0
end_of_record
TN:
SF:C:\Users\hp\Documents\delight-ui\src\Components\StoresFeed\StoresFeed.tsx
FN:26,(anonymous_0)
FN:40,(anonymous_1)
FN:50,(anonymous_2)
FNF:3
FNH:3
FNDA:4,(anonymous_0)
FNDA:5,(anonymous_1)
FNDA:2,(anonymous_2)
DA:21,2
DA:26,2
DA:27,4
DA:41,5
DA:60,2
DA:80,2
LF:6
LH:6
BRDA:38,0,0,4
BRDA:38,0,1,1
BRDA:48,1,0,4
BRDA:48,1,1,1
BRDA:48,1,2,1
BRF:5
BRH:5
end_of_record
TN:
SF:C:\Users\hp\Documents\delight-ui\src\Components\StoresFeed\StoresFeedItem.tsx
FN:29,(anonymous_0)
FNF:1
FNH:1
FNDA:4,(anonymous_0)
DA:17,2
DA:18,2
DA:29,2
DA:37,4
LF:4
LH:4
BRF:0
BRH:0
end_of_record
TN:
SF:C:\Users\hp\Documents\delight-ui\src\Components\StoresFeed\StoresFeedItemAtoms.tsx
FN:23,(anonymous_0)
FN:57,(anonymous_1)
FN:88,(anonymous_2)
FN:115,(anonymous_3)
FNF:4
FNH:4
FNDA:9,(anonymous_0)
FNDA:4,(anonymous_1)
FNDA:4,(anonymous_2)
FNDA:5,(anonymous_3)
DA:16,2
DA:23,2
DA:24,9
DA:35,9
DA:36,4
DA:44,9
DA:57,2
DA:62,4
DA:88,2
DA:92,4
DA:115,2
DA:116,5
LF:12
LH:12
BRDA:35,0,0,4
BRDA:35,0,1,5
BRDA:70,1,0,4
BRDA:70,1,1,1
BRF:4
BRH:4
end_of_record
TN:
SF:C:\Users\hp\Documents\delight-ui\src\Components\StoresFeed\index.tsx
FNF:0
FNH:0
LF:0
LH:0
BRF:0
BRH:0
end_of_record
TN:
SF:C:\Users\hp\Documents\delight-ui\src\Config\index.ts
FNF:0
FNH:0
LF:0
LH:0
BRF:0
BRH:0
end_of_record
TN:
SF:C:\Users\hp\Documents\delight-ui\src\Config\theme.ts
FNF:0
FNH:0
DA:5,2
DA:15,2
DA:25,2
DA:26,2
DA:28,2
DA:39,2
DA:48,2
DA:55,2
DA:62,2
DA:95,2
DA:119,2
DA:129,2
LF:12
LH:12
BRF:0
BRH:0
end_of_record
TN:
SF:C:\Users\hp\Documents\delight-ui\src\Constants\ActionTypes.ts
FNF:0
FNH:0
LF:0
LH:0
BRF:0
BRH:0
end_of_record
TN:
SF:C:\Users\hp\Documents\delight-ui\src\Constants\ApiConstants.ts
FNF:0
FNH:0
DA:1,1
LF:1
LH:1
BRF:0
BRH:0
end_of_record
TN:
SF:C:\Users\hp\Documents\delight-ui\src\Constants\Contexts.ts
FNF:0
FNH:0
DA:3,1
LF:1
LH:1
BRF:0
BRH:0
end_of_record
TN:
SF:C:\Users\hp\Documents\delight-ui\src\Constants\index.ts
FNF:0
FNH:0
LF:0
LH:0
BRF:0
BRH:0
end_of_record
TN:
SF:C:\Users\hp\Documents\delight-ui\src\Containers\ContextProvider.tsx
FN:29,(anonymous_0)
FN:36,(anonymous_1)
FNF:2
FNH:0
FNDA:0,(anonymous_0)
FNDA:0,(anonymous_1)
DA:22,2
DA:31,0
DA:33,0
DA:37,0
DA:42,0
DA:48,2
LF:6
LH:2
BRF:0
BRH:0
end_of_record
TN:
SF:C:\Users\hp\Documents\delight-ui\src\Store\api.ts
FN:10,checkStatus
FN:26,errorHandler
FN:36,toJSON
FNF:3
FNH:2
FNDA:1,checkStatus
FNDA:0,errorHandler
FNDA:1,toJSON
DA:11,1
DA:12,1
DA:14,0
DA:27,0
DA:37,1
LF:5
LH:3
BRDA:11,0,0,1
BRDA:11,0,1,0
BRDA:11,1,0,1
BRDA:11,1,1,1
BRF:4
BRH:3
end_of_record
TN:
SF:C:\Users\hp\Documents\delight-ui\src\Store\index.ts
FN:9,(anonymous_0)
FNF:1
FNH:1
FNDA:1,(anonymous_0)
DA:10,1
LF:1
LH:1
BRF:0
BRH:0
end_of_record
TN:
SF:C:\Users\hp\Documents\delight-ui\src\Store\reducers.ts
FNF:0
FNH:0
LF:0
LH:0
BRF:0
BRH:0
end_of_record
TN:
SF:C:\Users\hp\Documents\delight-ui\src\Store\schema.ts
FNF:0
FNH:0
DA:3,1
LF:1
LH:1
BRF:0
BRH:0
end_of_record
TN:
SF:C:\Users\hp\Documents\delight-ui\src\Store\App\selectors.ts
FN:4,(anonymous_0)
FNF:1
FNH:1
FNDA:4,(anonymous_0)
DA:4,4
LF:1
LH:1
BRF:0
BRH:0
end_of_record
TN:
SF:C:\Users\hp\Documents\delight-ui\src\Store\Entity\actions.ts
FN:9,(anonymous_0)
FN:14,(anonymous_1)
FNF:2
FNH:1
FNDA:1,(anonymous_0)
FNDA:0,(anonymous_1)
DA:8,1
DA:9,1
DA:14,0
LF:3
LH:2
BRF:0
BRH:0
end_of_record
TN:
SF:C:\Users\hp\Documents\delight-ui\src\Store\Entity\reducer.ts
FN:19,(anonymous_0)
FNF:1
FNH:1
FNDA:6,(anonymous_0)
DA:10,1
DA:19,1
DA:20,6
DA:22,1
DA:28,0
DA:31,5
LF:6
LH:5
BRDA:19,0,0,3
BRDA:20,1,0,1
BRDA:20,1,1,0
BRDA:20,1,2,5
BRF:4
BRH:3
end_of_record
TN:
SF:C:\Users\hp\Documents\delight-ui\src\Store\Home\reducer.ts
FN:16,(anonymous_0)
FNF:1
FNH:1
FNDA:6,(anonymous_0)
DA:9,1
DA:16,1
DA:17,6
DA:19,0
DA:25,0
DA:28,6
LF:6
LH:4
BRDA:16,0,0,3
BRDA:17,1,0,0
BRDA:17,1,1,0
BRDA:17,1,2,6
BRF:4
BRH:2
end_of_record
TN:
SF:C:\Users\hp\Documents\delight-ui\src\Store\Store\actions.ts
FN:16,(anonymous_0)
FN:21,(anonymous_1)
FN:25,(anonymous_2)
FN:31,(anonymous_3)
FN:32,(anonymous_4)
FN:41,(anonymous_5)
FN:50,(anonymous_6)
FNF:7
FNH:5
FNDA:2,(anonymous_0)
FNDA:0,(anonymous_1)
FNDA:2,(anonymous_2)
FNDA:1,(anonymous_3)
FNDA:1,(anonymous_4)
FNDA:1,(anonymous_5)
FNDA:0,(anonymous_6)
DA:15,1
DA:16,2
DA:21,0
DA:26,2
DA:32,1
DA:33,1
DA:38,1
DA:42,1
DA:44,1
DA:48,1
DA:50,0
LF:11
LH:9
BRF:0
BRH:0
end_of_record
TN:
SF:C:\Users\hp\Documents\delight-ui\src\Store\Store\endpoints.ts
FN:6,(anonymous_0)
FNF:1
FNH:1
FNDA:2,(anonymous_0)
DA:6,2
LF:1
LH:1
BRF:0
BRH:0
end_of_record
TN:
SF:C:\Users\hp\Documents\delight-ui\src\Store\Store\reducer.ts
FN:18,(anonymous_0)
FNF:1
FNH:1
FNDA:6,(anonymous_0)
DA:9,1
DA:18,1
DA:19,6
DA:21,2
DA:27,0
DA:30,4
LF:6
LH:5
BRDA:18,0,0,3
BRDA:19,1,0,2
BRDA:19,1,1,0
BRDA:19,1,2,4
BRF:4
BRH:3
end_of_record
TN:
SF:C:\Users\hp\Documents\delight-ui\src\Store\Store\selectors.ts
FN:8,(anonymous_0)
FN:15,(anonymous_1)
FNF:2
FNH:2
FNDA:2,(anonymous_0)
FNDA:4,(anonymous_1)
DA:8,2
DA:15,4
LF:2
LH:2
BRF:0
BRH:0
end_of_record
TN:
SF:C:\Users\hp\Documents\delight-ui\src\Utilities\ApiUtils.ts
FN:17,callApi
FNF:1
FNH:1
FNDA:2,callApi
DA:1,2
DA:18,2
DA:19,2
DA:21,2
LF:4
LH:4
BRDA:18,0,0,2
BRDA:18,0,1,2
BRDA:19,1,0,2
BRDA:19,1,1,2
BRF:4
BRH:4
end_of_record
TN:
SF:C:\Users\hp\Documents\delight-ui\src\Utilities\DomUtils.ts
FN:9,computeColumnWidth
FNF:1
FNH:0
FNDA:0,computeColumnWidth
DA:10,0
DA:12,0
LF:2
LH:0
BRDA:9,0,0,0
BRF:1
BRH:0
end_of_record
TN:
SF:C:\Users\hp\Documents\delight-ui\src\Utilities\PathUtils.ts
FN:42,(anonymous_0)
FNF:1
FNH:1
FNDA:5,(anonymous_0)
DA:1,2
DA:13,2
DA:42,2
DA:43,5
DA:44,5
DA:47,0
LF:6
LH:5
BRDA:43,0,0,5
BRDA:43,0,1,0
BRDA:44,1,0,5
BRDA:44,1,1,0
BRDA:47,2,0,0
BRDA:47,2,1,0
BRDA:47,2,2,0
BRF:7
BRH:2
end_of_record
TN:
SF:C:\Users\hp\Documents\delight-ui\src\Utilities\StringUtils.ts
FN:9,formatServiceHour
FNF:1
FNH:1
FNDA:4,formatServiceHour
DA:10,4
LF:1
LH:1
BRF:0
BRH:0
end_of_record
TN:
SF:C:\Users\hp\Documents\delight-ui\src\Utilities\index.ts
FNF:0
FNH:0
LF:0
LH:0
BRF:0
BRH:0
end_of_record
